Using pre-set license

 COMMAND LINE ARGUMENTS:
/Applications/Unity/Hub/Editor/2020.3.9f1/Unity.app/Contents/MacOS/Unity
-adb2
-batchMode
-noUpm
-name
AssetImportWorker0
-projectPath
/Users/lozcliffe/Work/AR Sound Postcards/App Development/AR Sound Postcard Player
-logFile
Logs/AssetImportWorker0.log
-srvPort
59922
Successfully changed project path to: /Users/lozcliffe/Work/AR Sound Postcards/App Development/AR Sound Postcard Player
/Users/lozcliffe/Work/AR Sound Postcards/App Development/AR Sound Postcard Player
Using Asset Import Pipeline V2.
Refreshing native plugins compatible for Editor in 34.83 ms, found 3 plugins.
Preloading 0 native plugins for Editor in 0.00 ms.
Initialize engine version: 2020.3.9f1 (108be757e447)
[Subsystems] Discovering subsystems at path /Applications/Unity/Hub/Editor/2020.3.9f1/Unity.app/Contents/Resources/UnitySubsystems
[Subsystems] Discovering subsystems at path /Users/lozcliffe/Work/AR Sound Postcards/App Development/AR Sound Postcard Player/Assets
GfxDevice: creating device client; threaded=0
2021-11-16 12:24:41.958 Unity[10169:363637] (null) preferred device: Apple M1 (high power)
2021-11-16 12:24:41.958 Unity[10169:363637] Metal devices available: 1
2021-11-16 12:24:41.958 Unity[10169:363637] 0: Apple M1 (high power)
2021-11-16 12:24:41.958 Unity[10169:363637] Using device Apple M1 (high power)
Initializing Metal device caps: Apple M1
Initialize mono
Mono path[0] = '/Applications/Unity/Hub/Editor/2020.3.9f1/Unity.app/Contents/Managed'
Mono path[1] = '/Applications/Unity/Hub/Editor/2020.3.9f1/Unity.app/Contents/MonoBleedingEdge/lib/mono/unityjit'
Mono config path = '/Applications/Unity/Hub/Editor/2020.3.9f1/Unity.app/Contents/MonoBleedingEdge/etc'
Using monoOptions --debugger-agent=transport=dt_socket,embedding=1,server=y,suspend=n,address=127.0.0.1:56169
Begin MonoManager ReloadAssembly
Registering precompiled unity dll's ...
Register platform support module: /Applications/Unity/Hub/Editor/2020.3.9f1/Unity.app/Contents/PlaybackEngines/MacStandaloneSupport/UnityEditor.OSXStandalone.Extensions.dll
Registered in 0.001902 seconds.
Native extension for OSXStandalone target not found
Refreshing native plugins compatible for Editor in 30.82 ms, found 3 plugins.
Preloading 0 native plugins for Editor in 0.00 ms.
Mono: successfully reloaded assembly
- Completed reload, in  3.163 seconds
Platform modules already initialized, skipping
Registering precompiled user dll's ...
Registered in 0.001911 seconds.
Begin MonoManager ReloadAssembly
Native extension for OSXStandalone target not found
Refreshing native plugins compatible for Editor in 29.32 ms, found 3 plugins.
Preloading 0 native plugins for Editor in 0.00 ms.
Mono: successfully reloaded assembly
- Completed reload, in  1.873 seconds
Platform modules already initialized, skipping
========================================================================
Worker process is ready to serve import requests
Launching external process: /Applications/Unity/Hub/Editor/2020.3.9f1/Unity.app/Contents/Tools/UnityShaderCompiler
Launched and connected shader compiler UnityShaderCompiler after 0.03 seconds
Refreshing native plugins compatible for Editor in 0.53 ms, found 3 plugins.
Preloading 0 native plugins for Editor in 0.00 ms.
Unloading 1644 Unused Serialized files (Serialized files now loaded: 0)
System memory in use before: 135.8 MB.
System memory in use after: 135.8 MB.

Unloading 63 unused Assets to reduce memory usage. Loaded Objects now: 2039.
Total: 1.362959 ms (FindLiveObjects: 0.120875 ms CreateObjectMapping: 0.031500 ms MarkObjects: 1.125042 ms  DeleteObjects: 0.084875 ms)

AssetImportParameters requested are different than current active one (requested -> active):
  requireTextureImportCompression: false -> true
========================================================================
Received Import Request.
  path: Assets/Prefabs/mill-engine.prefab
  artifactKey: Guid(7ff36428e2ac64f33bcd67fd3fa6b730) Importer(815301076,1909f56bfc062723c751e8b465ee728b)
Start importing Assets/Prefabs/mill-engine.prefab using Guid(7ff36428e2ac64f33bcd67fd3fa6b730) Importer(815301076,1909f56bfc062723c751e8b465ee728b)  -> (artifact id: 'd07d853c9857a787997a6e79a01d8ac3') in 0.651643 seconds
  Import took 0.653952 seconds .

========================================================================
Received Import Request.
  Time since last request: 4.893827 seconds.
  path: Assets/Prefabs/difference-engine.prefab
  artifactKey: Guid(9e48fc61b0d99422fa95042b8016fd62) Importer(815301076,1909f56bfc062723c751e8b465ee728b)
Start importing Assets/Prefabs/difference-engine.prefab using Guid(9e48fc61b0d99422fa95042b8016fd62) Importer(815301076,1909f56bfc062723c751e8b465ee728b)  -> (artifact id: '5c9a2f9b85e4dfba21694921f2972365') in 0.005279 seconds
  Import took 0.007969 seconds .

========================================================================
Received Import Request.
  Time since last request: 13.666787 seconds.
  path: Assets/Prefabs/difference-engine.prefab
  artifactKey: Guid(9e48fc61b0d99422fa95042b8016fd62) Importer(815301076,1909f56bfc062723c751e8b465ee728b)
Start importing Assets/Prefabs/difference-engine.prefab using Guid(9e48fc61b0d99422fa95042b8016fd62) Importer(815301076,1909f56bfc062723c751e8b465ee728b)  -> (artifact id: '475c4d6507ea7c9c49c88a1d24313545') in 0.002721 seconds
  Import took 0.004965 seconds .

========================================================================
Received Import Request.
  Time since last request: 4.873158 seconds.
  path: Assets/Prefabs/difference-engine.prefab
  artifactKey: Guid(9e48fc61b0d99422fa95042b8016fd62) Importer(815301076,1909f56bfc062723c751e8b465ee728b)
Start importing Assets/Prefabs/difference-engine.prefab using Guid(9e48fc61b0d99422fa95042b8016fd62) Importer(815301076,1909f56bfc062723c751e8b465ee728b)  -> (artifact id: '0471231b18ba110861d3d03a5ebf806d') in 0.002967 seconds
  Import took 0.005253 seconds .

========================================================================
Received Import Request.
  Time since last request: 4.229351 seconds.
  path: Assets/Prefabs/difference-engine.prefab
  artifactKey: Guid(9e48fc61b0d99422fa95042b8016fd62) Importer(815301076,1909f56bfc062723c751e8b465ee728b)
Start importing Assets/Prefabs/difference-engine.prefab using Guid(9e48fc61b0d99422fa95042b8016fd62) Importer(815301076,1909f56bfc062723c751e8b465ee728b)  -> (artifact id: '461ba37fd1cef77073390181172ee324') in 0.002745 seconds
  Import took 0.005092 seconds .

========================================================================
Received Import Request.
  Time since last request: 0.020792 seconds.
  path: Assets/Prefabs/difference-engine.prefab
  artifactKey: Guid(9e48fc61b0d99422fa95042b8016fd62) Importer(815301076,1909f56bfc062723c751e8b465ee728b)
Start importing Assets/Prefabs/difference-engine.prefab using Guid(9e48fc61b0d99422fa95042b8016fd62) Importer(815301076,1909f56bfc062723c751e8b465ee728b)  -> (artifact id: '461ba37fd1cef77073390181172ee324') in 0.002752 seconds
  Import took 0.005355 seconds .

========================================================================
Received Import Request.
  Time since last request: 15.733553 seconds.
  path: Assets/Prefabs/difference-engine.prefab
  artifactKey: Guid(9e48fc61b0d99422fa95042b8016fd62) Importer(815301076,1909f56bfc062723c751e8b465ee728b)
Start importing Assets/Prefabs/difference-engine.prefab using Guid(9e48fc61b0d99422fa95042b8016fd62) Importer(815301076,1909f56bfc062723c751e8b465ee728b)  -> (artifact id: '5b47098045726edff08309b5d2efa928') in 0.003607 seconds
  Import took 0.006497 seconds .

========================================================================
Received Import Request.
  Time since last request: 11.725431 seconds.
  path: Assets/Prefabs/mill-engine.prefab
  artifactKey: Guid(7ff36428e2ac64f33bcd67fd3fa6b730) Importer(815301076,1909f56bfc062723c751e8b465ee728b)
Start importing Assets/Prefabs/mill-engine.prefab using Guid(7ff36428e2ac64f33bcd67fd3fa6b730) Importer(815301076,1909f56bfc062723c751e8b465ee728b)  -> (artifact id: 'cc6946f8552c37df36143c4a76ea2c6a') in 0.003867 seconds
  Import took 0.006303 seconds .

========================================================================
Received Import Request.
  Time since last request: 3.165135 seconds.
  path: Assets/Prefabs/speaking-clock.prefab
  artifactKey: Guid(26b6c23941a8e4b8aa30596657a69e4d) Importer(815301076,1909f56bfc062723c751e8b465ee728b)
Start importing Assets/Prefabs/speaking-clock.prefab using Guid(26b6c23941a8e4b8aa30596657a69e4d) Importer(815301076,1909f56bfc062723c751e8b465ee728b)  -> (artifact id: '47ec7f4202b62068ffd506fa1084e2b7') in 0.002522 seconds
  Import took 0.004727 seconds .

========================================================================
Received Import Request.
  Time since last request: 0.001574 seconds.
  path: Assets/Prefabs/speaking-clock.prefab
  artifactKey: Guid(26b6c23941a8e4b8aa30596657a69e4d) Importer(815301076,1909f56bfc062723c751e8b465ee728b)
Start importing Assets/Prefabs/speaking-clock.prefab using Guid(26b6c23941a8e4b8aa30596657a69e4d) Importer(815301076,1909f56bfc062723c751e8b465ee728b)  -> (artifact id: '47ec7f4202b62068ffd506fa1084e2b7') in 0.002450 seconds
  Import took 0.004342 seconds .

========================================================================
Received Import Request.
  Time since last request: 2.627394 seconds.
  path: Assets/Prefabs/speaking-clock.prefab
  artifactKey: Guid(26b6c23941a8e4b8aa30596657a69e4d) Importer(815301076,1909f56bfc062723c751e8b465ee728b)
Start importing Assets/Prefabs/speaking-clock.prefab using Guid(26b6c23941a8e4b8aa30596657a69e4d) Importer(815301076,1909f56bfc062723c751e8b465ee728b)  -> (artifact id: '619b824de399e596c9d62eb44f06afce') in 0.002887 seconds
  Import took 0.005297 seconds .

========================================================================
Received Import Request.
  Time since last request: 2.413711 seconds.
  path: Assets/Prefabs/wells-clock.prefab
  artifactKey: Guid(73e5e2bdf29a44397b90cbd1ae5aea73) Importer(815301076,1909f56bfc062723c751e8b465ee728b)
Start importing Assets/Prefabs/wells-clock.prefab using Guid(73e5e2bdf29a44397b90cbd1ae5aea73) Importer(815301076,1909f56bfc062723c751e8b465ee728b)  -> (artifact id: 'fe871106d7696db656123e6b85b1c0c3') in 0.002563 seconds
  Import took 0.004792 seconds .

========================================================================
Received Import Request.
  Time since last request: 0.002123 seconds.
  path: Assets/Prefabs/wells-clock.prefab
  artifactKey: Guid(73e5e2bdf29a44397b90cbd1ae5aea73) Importer(815301076,1909f56bfc062723c751e8b465ee728b)
Start importing Assets/Prefabs/wells-clock.prefab using Guid(73e5e2bdf29a44397b90cbd1ae5aea73) Importer(815301076,1909f56bfc062723c751e8b465ee728b)  -> (artifact id: 'fe871106d7696db656123e6b85b1c0c3') in 0.002623 seconds
  Import took 0.004596 seconds .

========================================================================
Received Import Request.
  Time since last request: 5.156404 seconds.
  path: Assets/Prefabs/wells-clock.prefab
  artifactKey: Guid(73e5e2bdf29a44397b90cbd1ae5aea73) Importer(815301076,1909f56bfc062723c751e8b465ee728b)
Start importing Assets/Prefabs/wells-clock.prefab using Guid(73e5e2bdf29a44397b90cbd1ae5aea73) Importer(815301076,1909f56bfc062723c751e8b465ee728b)  -> (artifact id: '542d6e766cb19eb82f3053eb37eab72c') in 0.003074 seconds
  Import took 0.005240 seconds .

========================================================================
Received Import Request.
  Time since last request: 18.198998 seconds.
  path: Assets/Prefabs/mill-engine.prefab
  artifactKey: Guid(7ff36428e2ac64f33bcd67fd3fa6b730) Importer(815301076,1909f56bfc062723c751e8b465ee728b)
Start importing Assets/Prefabs/mill-engine.prefab using Guid(7ff36428e2ac64f33bcd67fd3fa6b730) Importer(815301076,1909f56bfc062723c751e8b465ee728b)  -> (artifact id: '7890666d414b50135aecb6fd99f08e40') in 0.002811 seconds
  Import took 0.005102 seconds .

========================================================================
Received Import Request.
  Time since last request: 0.003272 seconds.
  path: Assets/Prefabs/mill-engine.prefab
  artifactKey: Guid(7ff36428e2ac64f33bcd67fd3fa6b730) Importer(815301076,1909f56bfc062723c751e8b465ee728b)
Start importing Assets/Prefabs/mill-engine.prefab using Guid(7ff36428e2ac64f33bcd67fd3fa6b730) Importer(815301076,1909f56bfc062723c751e8b465ee728b)  -> (artifact id: '7890666d414b50135aecb6fd99f08e40') in 0.002779 seconds
  Import took 0.004864 seconds .

========================================================================
Received Import Request.
  Time since last request: 7.283556 seconds.
  path: Assets/Prefabs/mill-engine.prefab
  artifactKey: Guid(7ff36428e2ac64f33bcd67fd3fa6b730) Importer(815301076,1909f56bfc062723c751e8b465ee728b)
Start importing Assets/Prefabs/mill-engine.prefab using Guid(7ff36428e2ac64f33bcd67fd3fa6b730) Importer(815301076,1909f56bfc062723c751e8b465ee728b)  -> (artifact id: '36d43ae9db01d817536e4bc4d403af57') in 0.003930 seconds
  Import took 0.006707 seconds .

========================================================================
Received Import Request.
  Time since last request: 0.594315 seconds.
  path: Assets/Prefabs/speaking-clock.prefab
  artifactKey: Guid(26b6c23941a8e4b8aa30596657a69e4d) Importer(815301076,1909f56bfc062723c751e8b465ee728b)
Start importing Assets/Prefabs/speaking-clock.prefab using Guid(26b6c23941a8e4b8aa30596657a69e4d) Importer(815301076,1909f56bfc062723c751e8b465ee728b)  -> (artifact id: '1ea6323148e2cf73d3440ea436adc4bb') in 0.002523 seconds
  Import took 0.004712 seconds .

========================================================================
Received Import Request.
  Time since last request: 0.001582 seconds.
  path: Assets/Prefabs/speaking-clock.prefab
  artifactKey: Guid(26b6c23941a8e4b8aa30596657a69e4d) Importer(815301076,1909f56bfc062723c751e8b465ee728b)
Start importing Assets/Prefabs/speaking-clock.prefab using Guid(26b6c23941a8e4b8aa30596657a69e4d) Importer(815301076,1909f56bfc062723c751e8b465ee728b)  -> (artifact id: '1ea6323148e2cf73d3440ea436adc4bb') in 0.002381 seconds
  Import took 0.004394 seconds .

========================================================================
Received Import Request.
  Time since last request: 6.573765 seconds.
  path: Assets/Prefabs/wells-clock.prefab
  artifactKey: Guid(73e5e2bdf29a44397b90cbd1ae5aea73) Importer(815301076,1909f56bfc062723c751e8b465ee728b)
Start importing Assets/Prefabs/wells-clock.prefab using Guid(73e5e2bdf29a44397b90cbd1ae5aea73) Importer(815301076,1909f56bfc062723c751e8b465ee728b)  -> (artifact id: '848ce602607e98df3dbe32ca11411368') in 0.002694 seconds
  Import took 0.004944 seconds .

========================================================================
Received Import Request.
  Time since last request: 0.002280 seconds.
  path: Assets/Prefabs/wells-clock.prefab
  artifactKey: Guid(73e5e2bdf29a44397b90cbd1ae5aea73) Importer(815301076,1909f56bfc062723c751e8b465ee728b)
Start importing Assets/Prefabs/wells-clock.prefab using Guid(73e5e2bdf29a44397b90cbd1ae5aea73) Importer(815301076,1909f56bfc062723c751e8b465ee728b)  -> (artifact id: '848ce602607e98df3dbe32ca11411368') in 0.002970 seconds
  Import took 0.005002 seconds .

========================================================================
Received Import Request.
  Time since last request: 8.080273 seconds.
  path: Assets/Prefabs/difference-engine.prefab
  artifactKey: Guid(9e48fc61b0d99422fa95042b8016fd62) Importer(815301076,1909f56bfc062723c751e8b465ee728b)
Start importing Assets/Prefabs/difference-engine.prefab using Guid(9e48fc61b0d99422fa95042b8016fd62) Importer(815301076,1909f56bfc062723c751e8b465ee728b)  -> (artifact id: '1513b6a5b1c6e6c4947b1c6a2d9f397c') in 0.002572 seconds
  Import took 0.004778 seconds .

========================================================================
Received Import Request.
  Time since last request: 0.002494 seconds.
  path: Assets/Prefabs/difference-engine.prefab
  artifactKey: Guid(9e48fc61b0d99422fa95042b8016fd62) Importer(815301076,1909f56bfc062723c751e8b465ee728b)
Start importing Assets/Prefabs/difference-engine.prefab using Guid(9e48fc61b0d99422fa95042b8016fd62) Importer(815301076,1909f56bfc062723c751e8b465ee728b)  -> (artifact id: '1513b6a5b1c6e6c4947b1c6a2d9f397c') in 0.002319 seconds
  Import took 0.004214 seconds .

========================================================================
Received Import Request.
  Time since last request: 8.533639 seconds.
  path: Assets/Prefabs/image1.prefab
  artifactKey: Guid(9e48fc61b0d99422fa95042b8016fd62) Importer(815301076,1909f56bfc062723c751e8b465ee728b)
Start importing Assets/Prefabs/image1.prefab using Guid(9e48fc61b0d99422fa95042b8016fd62) Importer(815301076,1909f56bfc062723c751e8b465ee728b)  -> (artifact id: '0958d3f5901f7d2bed8b16730c830deb') in 0.002776 seconds
  Import took 0.005077 seconds .

========================================================================
Received Import Request.
  Time since last request: 5.054990 seconds.
  path: Assets/Prefabs/image2.prefab
  artifactKey: Guid(7ff36428e2ac64f33bcd67fd3fa6b730) Importer(815301076,1909f56bfc062723c751e8b465ee728b)
Start importing Assets/Prefabs/image2.prefab using Guid(7ff36428e2ac64f33bcd67fd3fa6b730) Importer(815301076,1909f56bfc062723c751e8b465ee728b)  -> (artifact id: '0342e4ce30c0a0e9e94efcce4f9195b8') in 0.003389 seconds
  Import took 0.006054 seconds .

========================================================================
Received Import Request.
  Time since last request: 1.100598 seconds.
  path: Assets/Prefabs/speaking-clock.prefab
  artifactKey: Guid(26b6c23941a8e4b8aa30596657a69e4d) Importer(815301076,1909f56bfc062723c751e8b465ee728b)
Start importing Assets/Prefabs/speaking-clock.prefab using Guid(26b6c23941a8e4b8aa30596657a69e4d) Importer(815301076,1909f56bfc062723c751e8b465ee728b)  -> (artifact id: 'f397ef5e750410398ed3930ada073350') in 0.002574 seconds
  Import took 0.004811 seconds .

========================================================================
Received Import Request.
  Time since last request: 0.001617 seconds.
  path: Assets/Prefabs/speaking-clock.prefab
  artifactKey: Guid(26b6c23941a8e4b8aa30596657a69e4d) Importer(815301076,1909f56bfc062723c751e8b465ee728b)
Start importing Assets/Prefabs/speaking-clock.prefab using Guid(26b6c23941a8e4b8aa30596657a69e4d) Importer(815301076,1909f56bfc062723c751e8b465ee728b)  -> (artifact id: 'f397ef5e750410398ed3930ada073350') in 0.002443 seconds
  Import took 0.004324 seconds .

========================================================================
Received Import Request.
  Time since last request: 5.114722 seconds.
  path: Assets/Prefabs/image3.prefab
  artifactKey: Guid(26b6c23941a8e4b8aa30596657a69e4d) Importer(815301076,1909f56bfc062723c751e8b465ee728b)
Start importing Assets/Prefabs/image3.prefab using Guid(26b6c23941a8e4b8aa30596657a69e4d) Importer(815301076,1909f56bfc062723c751e8b465ee728b)  -> (artifact id: '9211d885f2f97a379839e53511a3f66f') in 0.003194 seconds
  Import took 0.005874 seconds .

========================================================================
Received Import Request.
  Time since last request: 1.525152 seconds.
  path: Assets/Prefabs/wells-clock.prefab
  artifactKey: Guid(73e5e2bdf29a44397b90cbd1ae5aea73) Importer(815301076,1909f56bfc062723c751e8b465ee728b)
Start importing Assets/Prefabs/wells-clock.prefab using Guid(73e5e2bdf29a44397b90cbd1ae5aea73) Importer(815301076,1909f56bfc062723c751e8b465ee728b)  -> (artifact id: '2a76175707d317253b8e1013b59261a6') in 0.003940 seconds
  Import took 0.006198 seconds .

========================================================================
Received Import Request.
  Time since last request: 0.000882 seconds.
  path: Assets/Prefabs/wells-clock.prefab
  artifactKey: Guid(73e5e2bdf29a44397b90cbd1ae5aea73) Importer(815301076,1909f56bfc062723c751e8b465ee728b)
Start importing Assets/Prefabs/wells-clock.prefab using Guid(73e5e2bdf29a44397b90cbd1ae5aea73) Importer(815301076,1909f56bfc062723c751e8b465ee728b)  -> (artifact id: '2a76175707d317253b8e1013b59261a6') in 0.002566 seconds
  Import took 0.004441 seconds .

========================================================================
Received Import Request.
  Time since last request: 3.901467 seconds.
  path: Assets/Prefabs/image4.prefab
  artifactKey: Guid(73e5e2bdf29a44397b90cbd1ae5aea73) Importer(815301076,1909f56bfc062723c751e8b465ee728b)
Start importing Assets/Prefabs/image4.prefab using Guid(73e5e2bdf29a44397b90cbd1ae5aea73) Importer(815301076,1909f56bfc062723c751e8b465ee728b)  -> (artifact id: 'd5b676a44545191413b2747435d1dd26') in 0.003275 seconds
  Import took 0.006082 seconds .

========================================================================
Received Import Request.
  Time since last request: 117.993739 seconds.
  path: Assets/Prefabs/image3.prefab
  artifactKey: Guid(26b6c23941a8e4b8aa30596657a69e4d) Importer(815301076,1909f56bfc062723c751e8b465ee728b)
Start importing Assets/Prefabs/image3.prefab using Guid(26b6c23941a8e4b8aa30596657a69e4d) Importer(815301076,1909f56bfc062723c751e8b465ee728b)  -> (artifact id: '3a8cd4b859530d1747d4b1aab4aa052c') in 0.003330 seconds
  Import took 0.005488 seconds .

========================================================================
Received Import Request.
  Time since last request: 0.000759 seconds.
  path: Assets/Prefabs/image3.prefab
  artifactKey: Guid(26b6c23941a8e4b8aa30596657a69e4d) Importer(815301076,1909f56bfc062723c751e8b465ee728b)
Start importing Assets/Prefabs/image3.prefab using Guid(26b6c23941a8e4b8aa30596657a69e4d) Importer(815301076,1909f56bfc062723c751e8b465ee728b)  -> (artifact id: '3a8cd4b859530d1747d4b1aab4aa052c') in 0.002435 seconds
  Import took 0.004392 seconds .

========================================================================
Received Import Request.
  Time since last request: 21.269610 seconds.
  path: Assets/Prefabs/image4.prefab
  artifactKey: Guid(73e5e2bdf29a44397b90cbd1ae5aea73) Importer(815301076,1909f56bfc062723c751e8b465ee728b)
Start importing Assets/Prefabs/image4.prefab using Guid(73e5e2bdf29a44397b90cbd1ae5aea73) Importer(815301076,1909f56bfc062723c751e8b465ee728b)  -> (artifact id: 'e997fb2a51d7623a2f74fc719aff6439') in 0.002647 seconds
  Import took 0.004885 seconds .

========================================================================
Received Import Request.
  Time since last request: 0.002226 seconds.
  path: Assets/Prefabs/image4.prefab
  artifactKey: Guid(73e5e2bdf29a44397b90cbd1ae5aea73) Importer(815301076,1909f56bfc062723c751e8b465ee728b)
Start importing Assets/Prefabs/image4.prefab using Guid(73e5e2bdf29a44397b90cbd1ae5aea73) Importer(815301076,1909f56bfc062723c751e8b465ee728b)  -> (artifact id: 'e997fb2a51d7623a2f74fc719aff6439') in 0.002573 seconds
  Import took 0.004601 seconds .

========================================================================
Received Import Request.
  Time since last request: 99.397557 seconds.
  path: Assets/Prefabs/image1.prefab
  artifactKey: Guid(9e48fc61b0d99422fa95042b8016fd62) Importer(815301076,1909f56bfc062723c751e8b465ee728b)
Start importing Assets/Prefabs/image1.prefab using Guid(9e48fc61b0d99422fa95042b8016fd62) Importer(815301076,1909f56bfc062723c751e8b465ee728b)  -> (artifact id: '1c4ea2a73b9509d0e3661ce96165813e') in 0.002652 seconds
  Import took 0.004832 seconds .

========================================================================
Received Import Request.
  Time since last request: 0.002413 seconds.
  path: Assets/Prefabs/image1.prefab
  artifactKey: Guid(9e48fc61b0d99422fa95042b8016fd62) Importer(815301076,1909f56bfc062723c751e8b465ee728b)
Start importing Assets/Prefabs/image1.prefab using Guid(9e48fc61b0d99422fa95042b8016fd62) Importer(815301076,1909f56bfc062723c751e8b465ee728b)  -> (artifact id: '1c4ea2a73b9509d0e3661ce96165813e') in 0.002418 seconds
  Import took 0.004300 seconds .

========================================================================
Received Import Request.
  Time since last request: 1.943256 seconds.
  path: Assets/Prefabs/image2.prefab
  artifactKey: Guid(7ff36428e2ac64f33bcd67fd3fa6b730) Importer(815301076,1909f56bfc062723c751e8b465ee728b)
Start importing Assets/Prefabs/image2.prefab using Guid(7ff36428e2ac64f33bcd67fd3fa6b730) Importer(815301076,1909f56bfc062723c751e8b465ee728b)  -> (artifact id: '27e430f92db1a8a73412085394426b10') in 0.002779 seconds
  Import took 0.004960 seconds .

========================================================================
Received Import Request.
  Time since last request: 0.001526 seconds.
  path: Assets/Prefabs/image2.prefab
  artifactKey: Guid(7ff36428e2ac64f33bcd67fd3fa6b730) Importer(815301076,1909f56bfc062723c751e8b465ee728b)
Start importing Assets/Prefabs/image2.prefab using Guid(7ff36428e2ac64f33bcd67fd3fa6b730) Importer(815301076,1909f56bfc062723c751e8b465ee728b)  -> (artifact id: '27e430f92db1a8a73412085394426b10') in 0.002714 seconds
  Import took 0.004691 seconds .

========================================================================
Received Import Request.
  Time since last request: 91.195426 seconds.
  path: Assets/Scenes/Intro.unity
  artifactKey: Guid(62abb0d0cbfc14a798810fb8c5dbbe59) Importer(815301076,1909f56bfc062723c751e8b465ee728b)
Start importing Assets/Scenes/Intro.unity using Guid(62abb0d0cbfc14a798810fb8c5dbbe59) Importer(815301076,1909f56bfc062723c751e8b465ee728b)  -> (artifact id: 'cb38ffc06b931b8e32c04105f12c93eb') in 0.002086 seconds
  Import took 0.004978 seconds .

========================================================================
Received Import Request.
  Time since last request: 117.293449 seconds.
  path: Assets/Scenes/Intro.unity
  artifactKey: Guid(62abb0d0cbfc14a798810fb8c5dbbe59) Importer(815301076,1909f56bfc062723c751e8b465ee728b)
Start importing Assets/Scenes/Intro.unity using Guid(62abb0d0cbfc14a798810fb8c5dbbe59) Importer(815301076,1909f56bfc062723c751e8b465ee728b)  -> (artifact id: '903d38aa87d471b35fa1353d4329446a') in 0.002007 seconds
  Import took 0.005212 seconds .

========================================================================
Received Import Request.
  Time since last request: 113.973212 seconds.
  path: Assets/Prefabs/ReferenceImageLibrary.asset
  artifactKey: Guid(43eb9af77961e414683ac27dc37f7b06) Importer(815301076,1909f56bfc062723c751e8b465ee728b)
Start importing Assets/Prefabs/ReferenceImageLibrary.asset using Guid(43eb9af77961e414683ac27dc37f7b06) Importer(815301076,1909f56bfc062723c751e8b465ee728b)  -> (artifact id: 'da8d51550165116b98a4e9bee4a5ddcb') in 0.214890 seconds
  Import took 0.217269 seconds .

========================================================================
Received Import Request.
  Time since last request: 910.501765 seconds.
  path: Assets/Images/image1.jpg
  artifactKey: Guid(4a546704477be4cb8bab2ca5280f6111) Importer(815301076,1909f56bfc062723c751e8b465ee728b)
Start importing Assets/Images/image1.jpg using Guid(4a546704477be4cb8bab2ca5280f6111) Importer(815301076,1909f56bfc062723c751e8b465ee728b)  -> (artifact id: '8cd0e83dac788c908795746266b4aa16') in 0.555463 seconds
  Import took 0.558998 seconds .

========================================================================
Received Import Request.
  Time since last request: 3.223314 seconds.
  path: Assets/Images/image2.jpg
  artifactKey: Guid(fd9c16492d5bf46c8a150de48fcf169d) Importer(815301076,1909f56bfc062723c751e8b465ee728b)
Start importing Assets/Images/image2.jpg using Guid(fd9c16492d5bf46c8a150de48fcf169d) Importer(815301076,1909f56bfc062723c751e8b465ee728b)  -> (artifact id: 'bf19689873a1ade84ec5b89528d344de') in 0.029091 seconds
  Import took 0.032107 seconds .

========================================================================
Received Import Request.
  Time since last request: 3.370496 seconds.
  path: Assets/Images/image3.jpg
  artifactKey: Guid(363cc93c18c054b4fb25ba7ccab5b83c) Importer(815301076,1909f56bfc062723c751e8b465ee728b)
Start importing Assets/Images/image3.jpg using Guid(363cc93c18c054b4fb25ba7ccab5b83c) Importer(815301076,1909f56bfc062723c751e8b465ee728b)  -> (artifact id: 'ccb524d890bfee256b950935874a0673') in 0.023611 seconds
  Import took 0.026714 seconds .

========================================================================
Received Import Request.
  Time since last request: 0.001917 seconds.
  path: Assets/Images/image3.jpg
  artifactKey: Guid(363cc93c18c054b4fb25ba7ccab5b83c) Importer(815301076,1909f56bfc062723c751e8b465ee728b)
Start importing Assets/Images/image3.jpg using Guid(363cc93c18c054b4fb25ba7ccab5b83c) Importer(815301076,1909f56bfc062723c751e8b465ee728b)  -> (artifact id: 'ccb524d890bfee256b950935874a0673') in 0.020711 seconds
  Import took 0.023681 seconds .

========================================================================
Received Import Request.
  Time since last request: 5.565412 seconds.
  path: Assets/Images/image4.jpg
  artifactKey: Guid(99ac5ca8672104367b8c6ea991f68d38) Importer(815301076,1909f56bfc062723c751e8b465ee728b)
Start importing Assets/Images/image4.jpg using Guid(99ac5ca8672104367b8c6ea991f68d38) Importer(815301076,1909f56bfc062723c751e8b465ee728b)  -> (artifact id: 'c2748b8a0d4eafd9210e77a8d381ce7f') in 0.023835 seconds
  Import took 0.026874 seconds .

========================================================================
Received Import Request.
  Time since last request: 0.001086 seconds.
  path: Assets/Images/image4.jpg
  artifactKey: Guid(99ac5ca8672104367b8c6ea991f68d38) Importer(815301076,1909f56bfc062723c751e8b465ee728b)
Start importing Assets/Images/image4.jpg using Guid(99ac5ca8672104367b8c6ea991f68d38) Importer(815301076,1909f56bfc062723c751e8b465ee728b)  -> (artifact id: 'c2748b8a0d4eafd9210e77a8d381ce7f') in 0.020203 seconds
  Import took 0.022976 seconds .

========================================================================
Received Import Request.
  Time since last request: 463.747892 seconds.
  path: Assets/Prefabs/ReferenceImageLibrary.asset
  artifactKey: Guid(43eb9af77961e414683ac27dc37f7b06) Importer(815301076,1909f56bfc062723c751e8b465ee728b)
Start importing Assets/Prefabs/ReferenceImageLibrary.asset using Guid(43eb9af77961e414683ac27dc37f7b06) Importer(815301076,1909f56bfc062723c751e8b465ee728b)  -> (artifact id: 'db65336faec1fcf7475128d26cb5c1eb') in 0.011886 seconds
  Import took 0.014306 seconds .

