Using pre-set license

 COMMAND LINE ARGUMENTS:
/Applications/Unity/Hub/Editor/2020.3.9f1/Unity.app/Contents/MacOS/Unity
-adb2
-batchMode
-noUpm
-name
AssetImportWorker0
-projectPath
/Users/lozcliffe/Work/AR Sound Postcards/AAR-Postcard-Player/AR Sound Postcard Player
-logFile
Logs/AssetImportWorker0.log
-srvPort
64429
Successfully changed project path to: /Users/lozcliffe/Work/AR Sound Postcards/AAR-Postcard-Player/AR Sound Postcard Player
/Users/lozcliffe/Work/AR Sound Postcards/AAR-Postcard-Player/AR Sound Postcard Player
Using Asset Import Pipeline V2.
Refreshing native plugins compatible for Editor in 43.93 ms, found 3 plugins.
Preloading 0 native plugins for Editor in 0.00 ms.
Initialize engine version: 2020.3.9f1 (108be757e447)
[Subsystems] Discovering subsystems at path /Applications/Unity/Hub/Editor/2020.3.9f1/Unity.app/Contents/Resources/UnitySubsystems
[Subsystems] Discovering subsystems at path /Users/lozcliffe/Work/AR Sound Postcards/AAR-Postcard-Player/AR Sound Postcard Player/Assets
GfxDevice: creating device client; threaded=0
2021-11-16 13:42:07.234 Unity[11606:477445] (null) preferred device: Apple M1 (high power)
2021-11-16 13:42:07.234 Unity[11606:477445] Metal devices available: 1
2021-11-16 13:42:07.234 Unity[11606:477445] 0: Apple M1 (high power)
2021-11-16 13:42:07.235 Unity[11606:477445] Using device Apple M1 (high power)
Initializing Metal device caps: Apple M1
Initialize mono
Mono path[0] = '/Applications/Unity/Hub/Editor/2020.3.9f1/Unity.app/Contents/Managed'
Mono path[1] = '/Applications/Unity/Hub/Editor/2020.3.9f1/Unity.app/Contents/MonoBleedingEdge/lib/mono/unityjit'
Mono config path = '/Applications/Unity/Hub/Editor/2020.3.9f1/Unity.app/Contents/MonoBleedingEdge/etc'
Using monoOptions --debugger-agent=transport=dt_socket,embedding=1,server=y,suspend=n,address=127.0.0.1:56606
Begin MonoManager ReloadAssembly
Registering precompiled unity dll's ...
Register platform support module: /Applications/Unity/Hub/Editor/2020.3.9f1/Unity.app/Contents/PlaybackEngines/MacStandaloneSupport/UnityEditor.OSXStandalone.Extensions.dll
Registered in 0.001949 seconds.
Native extension for OSXStandalone target not found
Refreshing native plugins compatible for Editor in 30.18 ms, found 3 plugins.
Preloading 0 native plugins for Editor in 0.00 ms.
Mono: successfully reloaded assembly
- Completed reload, in  2.941 seconds
Platform modules already initialized, skipping
Registering precompiled user dll's ...
Registered in 0.001950 seconds.
Begin MonoManager ReloadAssembly
Native extension for OSXStandalone target not found
Refreshing native plugins compatible for Editor in 28.78 ms, found 3 plugins.
Preloading 0 native plugins for Editor in 0.00 ms.
Mono: successfully reloaded assembly
- Completed reload, in  1.865 seconds
Platform modules already initialized, skipping
========================================================================
Worker process is ready to serve import requests
Launching external process: /Applications/Unity/Hub/Editor/2020.3.9f1/Unity.app/Contents/Tools/UnityShaderCompiler
Launched and connected shader compiler UnityShaderCompiler after 0.03 seconds
Refreshing native plugins compatible for Editor in 0.55 ms, found 3 plugins.
Preloading 0 native plugins for Editor in 0.00 ms.
Unloading 1644 Unused Serialized files (Serialized files now loaded: 0)
System memory in use before: 135.9 MB.
System memory in use after: 136.0 MB.

Unloading 63 unused Assets to reduce memory usage. Loaded Objects now: 2039.
Total: 1.446250 ms (FindLiveObjects: 0.119916 ms CreateObjectMapping: 0.031709 ms MarkObjects: 1.191125 ms  DeleteObjects: 0.102375 ms)

AssetImportParameters requested are different than current active one (requested -> active):
  requireTextureImportCompression: false -> true
========================================================================
Received Import Request.
  path: Assets/Plugins/FMOD/Resources/FMODStudioSettings.asset
  artifactKey: Guid(72b79850b2255462ab0e3d45e6313500) Importer(815301076,1909f56bfc062723c751e8b465ee728b)
Start importing Assets/Plugins/FMOD/Resources/FMODStudioSettings.asset using Guid(72b79850b2255462ab0e3d45e6313500) Importer(815301076,1909f56bfc062723c751e8b465ee728b)  -> (artifact id: '7e4512465a360f9b90f9001e2b24503c') in 0.397003 seconds
  Import took 0.399174 seconds .

